<?xml version="1.0" encoding="UTF-8" ?>
<testsuite errors="0" failures="0" hostname="Odyssic-PC" name="denobo.compression.huffman.BitInputStreamTest" tests="3" time="0.047" timestamp="2014-01-02T16:11:30">
  <properties>
[...]
</properties>
  <testcase classname="denobo.compression.huffman.BitInputStreamTest" name="testGetPosition" time="0.003" />
  <testcase classname="denobo.compression.huffman.BitInputStreamTest" name="testSkipBytes" time="0.0" />
  <testcase classname="denobo.compression.huffman.BitInputStreamTest" name="testRead" time="0.0" />
  <system-out><![CDATA[]]></system-out>
  <system-err><![CDATA[]]></system-err>
</testsuite>
